2026-04-24 09:20:21 | INFO     | ==============================================================
2026-04-24 09:20:21 | INFO     |   ViT Medical Fine-Tuning — Run Started
2026-04-24 09:20:21 | INFO     |   Timestamp : 20260424_092021
2026-04-24 09:20:21 | INFO     |   Device    : cuda
2026-04-24 09:20:21 | INFO     |   GPU       : Tesla T4
2026-04-24 09:20:21 | INFO     |   VRAM      : 15.6 GB
2026-04-24 09:20:21 | INFO     | ──────────────────────────────────────────────────────────────
2026-04-24 09:20:21 | INFO     |   CONFIG:
2026-04-24 09:20:21 | INFO     |     dataset_name          : bloodmnist
2026-04-24 09:20:21 | INFO     |     model_name            : google/vit-base-patch16-224
2026-04-24 09:20:21 | INFO     |     image_size            : 224
2026-04-24 09:20:21 | INFO     |     batch_size            : 32
2026-04-24 09:20:21 | INFO     |     num_epochs            : 15
2026-04-24 09:20:21 | INFO     |     learning_rate         : 0.0002
2026-04-24 09:20:21 | INFO     |     weight_decay          : 0.01
2026-04-24 09:20:21 | INFO     |     warmup_ratio          : 0.1
2026-04-24 09:20:21 | INFO     |     label_smoothing       : 0.1
2026-04-24 09:20:21 | INFO     |     dropout               : 0.1
2026-04-24 09:20:21 | INFO     |     freeze_layers         : 6
2026-04-24 09:20:21 | INFO     |     use_fp16              : True
2026-04-24 09:20:21 | INFO     |     grad_clip             : 1.0
2026-04-24 09:20:21 | INFO     |     seed                  : 42
2026-04-24 09:20:21 | INFO     |     output_dir            : /content/vit_medical_checkpoints
2026-04-24 09:20:21 | INFO     |     drive_dir             : /content/drive/MyDrive/ViT_Medical_FineTuning
2026-04-24 09:20:21 | INFO     | ==============================================================
2026-04-24 09:22:29 | INFO     | ──────────────────────────────────────────────────────────────
2026-04-24 09:22:29 | INFO     | Dataset         : bloodmnist  |  Task: multi-class
2026-04-24 09:22:29 | INFO     | Num classes     : 8  →  ['basophil', 'eosinophil', 'erythroblast', 'immature granulocytes(myelocytes, metamyelocytes and promyelocytes)', 'lymphocyte', 'monocyte', 'neutrophil', 'platelet']
2026-04-24 09:22:29 | INFO     | Train samples   : 11959
2026-04-24 09:22:29 | INFO     | Val samples     : 1712
2026-04-24 09:22:29 | INFO     | Test samples    : 3421
2026-04-24 09:22:29 | INFO     | Batches/epoch   : 374
2026-04-24 09:22:29 | INFO     | Class counts    : [852, 2181, 1085, 2026, 849, 993, 2330, 1643]
2026-04-24 09:22:36 | INFO     | ──────────────────────────────────────────────────────────────
2026-04-24 09:22:36 | INFO     | Model           : google/vit-base-patch16-224
2026-04-24 09:22:36 | INFO     | Hidden size     : 768
2026-04-24 09:22:36 | INFO     | Encoder layers  : 12
2026-04-24 09:22:36 | INFO     | Attn heads      : 12
2026-04-24 09:22:36 | INFO     | Patch size      : 16
2026-04-24 09:22:36 | INFO     | Frozen layers   : 6
2026-04-24 09:22:36 | INFO     | Total params    : 85,804,808
2026-04-24 09:22:36 | INFO     | Trainable params: 42,534,920  (49.6%)
2026-04-24 09:22:36 | INFO     | ──────────────────────────────────────────────────────────────
2026-04-24 09:22:36 | INFO     | Training started
2026-04-24 09:22:36 | INFO     | Total epochs    : 15
2026-04-24 09:22:36 | INFO     | Total steps     : 5610  |  Warmup: 561
2026-04-24 09:22:36 | INFO     | ──────────────────────────────────────────────────────────────
2026-04-24 09:22:36 | INFO     | Epoch | TrainLoss | TrainAcc |  ValLoss |  ValAcc |         LR | Note
2026-04-24 09:22:36 | INFO     | ──────────────────────────────────────────────────────────────
2026-04-24 09:24:46 | INFO     |     1 |    1.1424 |   68.29% |   0.8783 |  82.13%  | 1.33e-04 | BEST
2026-04-24 09:26:53 | INFO     |     2 |    0.7328 |   87.79% |   0.9599 |  78.50%  | 1.99e-04 | 
2026-04-24 09:28:54 | INFO     |     3 |    0.6667 |   91.09% |   0.7678 |  87.09%  | 1.94e-04 | BEST
2026-04-24 09:30:52 | INFO     |     4 |    0.6422 |   92.17% |   0.7879 |  86.10%  | 1.84e-04 | 
2026-04-24 09:32:50 | INFO     |     5 |    0.6013 |   94.01% |   0.7598 |  87.50%  | 1.69e-04 | BEST
2026-04-24 09:34:56 | INFO     |     6 |    0.5931 |   94.30% |   0.6982 |  90.19%  | 1.50e-04 | BEST
2026-04-24 09:37:06 | INFO     |     7 |    0.5808 |   94.71% |   0.6910 |  90.36%  | 1.29e-04 | BEST
2026-04-24 09:39:03 | INFO     |     8 |    0.5595 |   95.92% |   0.7000 |  89.72%  | 1.06e-04 | 
2026-04-24 09:40:46 | INFO     |     9 |    0.5525 |   96.30% |   0.6842 |  90.36%  | 8.26e-05 | 
2026-04-24 09:42:31 | INFO     |    10 |    0.5453 |   96.50% |   0.7010 |  89.95%  | 6.04e-05 | 
2026-04-24 09:44:25 | INFO     |    11 |    0.5295 |   97.23% |   0.6811 |  91.18%  | 4.03e-05 | BEST
2026-04-24 09:46:30 | INFO     |    12 |    0.5275 |   97.22% |   0.6512 |  92.11%  | 2.34e-05 | BEST
2026-04-24 09:48:42 | INFO     |    13 |    0.5244 |   97.44% |   0.6589 |  92.00%  | 1.06e-05 | 
2026-04-24 09:50:30 | INFO     |    14 |    0.5203 |   97.61% |   0.6567 |  91.88%  | 2.70e-06 | 
2026-04-24 09:52:13 | INFO     |    15 |    0.5132 |   98.01% |   0.6548 |  92.06%  | 0.00e+00 | 
2026-04-24 09:52:13 | INFO     | ──────────────────────────────────────────────────────────────
2026-04-24 09:52:13 | INFO     | Training complete. Best Val Acc: 92.11%
2026-04-24 09:52:13 | INFO     | Best checkpoint : /content/vit_medical_checkpoints/best_vit_medical.pt
2026-04-24 09:52:26 | INFO     | ──────────────────────────────────────────────────────────────
2026-04-24 09:52:26 | INFO     | TEST SET EVALUATION
2026-04-24 09:52:26 | INFO     |   Loaded checkpoint epoch : 12
2026-04-24 09:52:26 | INFO     |   Test Loss               : 0.6752
2026-04-24 09:52:26 | INFO     |   Accuracy                : 91.46%
2026-04-24 09:52:26 | INFO     |   F1 Macro                : 0.8952
2026-04-24 09:52:26 | INFO     |   F1 Weighted             : 0.9123
2026-04-24 09:52:26 | INFO     |   Precision (Weighted)    : 0.9236
2026-04-24 09:52:26 | INFO     |   Recall (Weighted)       : 0.9146
2026-04-24 09:52:26 | INFO     |   ROC-AUC (macro OvR)     : 0.9930
2026-04-24 09:52:26 | INFO     | ──────────────────────────────────────────────────────────────
2026-04-24 09:52:26 | INFO     | Per-class Classification Report:
2026-04-24 09:52:26 | INFO     |                                                                        precision    recall  f1-score   support
2026-04-24 09:52:26 | INFO     |   
2026-04-24 09:52:26 | INFO     |                                                              basophil     0.9831    0.7172    0.8294       244
2026-04-24 09:52:26 | INFO     |                                                            eosinophil     0.9967    0.9776    0.9871       624
2026-04-24 09:52:26 | INFO     |                                                          erythroblast     0.9221    0.9132    0.9176       311
2026-04-24 09:52:26 | INFO     |   immature granulocytes(myelocytes, metamyelocytes and promyelocytes)     0.7600    0.9188    0.8319       579
2026-04-24 09:52:26 | INFO     |                                                            lymphocyte     0.8608    0.9671    0.9109       243
2026-04-24 09:52:26 | INFO     |                                                              monocyte     0.9714    0.5986    0.7407       284
2026-04-24 09:52:26 | INFO     |                                                            neutrophil     0.9603    0.9805    0.9703       666
2026-04-24 09:52:26 | INFO     |                                                              platelet     0.9495    1.0000    0.9741       470
2026-04-24 09:52:26 | INFO     |   
2026-04-24 09:52:26 | INFO     |                                                              accuracy                         0.9146      3421
2026-04-24 09:52:26 | INFO     |                                                             macro avg     0.9255    0.8841    0.8952      3421
2026-04-24 09:52:26 | INFO     |                                                          weighted avg     0.9236    0.9146    0.9123      3421
2026-04-24 09:53:44 | INFO     | ──────────────────────────────────────────────────────────────
2026-04-24 09:53:44 | INFO     | FINAL SUMMARY
2026-04-24 09:53:44 | INFO     |   Model            : google/vit-base-patch16-224
2026-04-24 09:53:44 | INFO     |   Dataset          : BLOODMNIST (8 classes)
2026-04-24 09:53:44 | INFO     |   Epochs Trained   : 15
2026-04-24 09:53:44 | INFO     |   Best Val Acc     : 92.11%
2026-04-24 09:53:44 | INFO     |   Test Accuracy    : 91.46%
2026-04-24 09:53:44 | INFO     |   Test F1 Macro    : 0.8952
2026-04-24 09:53:44 | INFO     |   Test F1 Weighted : 0.9123
2026-04-24 09:53:44 | INFO     |   Test Precision   : 0.9236
2026-04-24 09:53:44 | INFO     |   Test Recall      : 0.9146
2026-04-24 09:53:44 | INFO     |   Test ROC-AUC     : 0.9930
2026-04-24 09:53:44 | INFO     | ──────────────────────────────────────────────────────────────
2026-04-24 09:53:55 | INFO     | ──────────────────────────────────────────────────────────────
2026-04-24 09:53:55 | INFO     | All outputs saved to Google Drive.
2026-04-24 09:53:55 | INFO     | Drive directory : /content/drive/MyDrive/ViT_Medical_FineTuning
2026-04-24 09:53:55 | INFO     | Run complete. Closing log.
2026-04-24 09:53:55 | INFO     | ==============================================================
