2026-04-22 08:45:01 | INFO     | ==============================================================
2026-04-22 08:45:02 | INFO     |   ViT Medical Fine-Tuning — Run Started
2026-04-22 08:45:02 | INFO     |   Timestamp : 20260422_084501
2026-04-22 08:45:02 | INFO     |   Device    : cuda
2026-04-22 08:45:02 | INFO     |   GPU       : Tesla T4
2026-04-22 08:45:02 | INFO     |   VRAM      : 15.6 GB
2026-04-22 08:45:02 | INFO     | ──────────────────────────────────────────────────────────────
2026-04-22 08:45:02 | INFO     |   CONFIG:
2026-04-22 08:45:02 | INFO     |     dataset_name          : bloodmnist
2026-04-22 08:45:02 | INFO     |     model_name            : google/vit-base-patch16-224
2026-04-22 08:45:02 | INFO     |     image_size            : 224
2026-04-22 08:45:02 | INFO     |     batch_size            : 32
2026-04-22 08:45:02 | INFO     |     num_epochs            : 15
2026-04-22 08:45:02 | INFO     |     learning_rate         : 0.0002
2026-04-22 08:45:02 | INFO     |     weight_decay          : 0.01
2026-04-22 08:45:02 | INFO     |     warmup_ratio          : 0.1
2026-04-22 08:45:02 | INFO     |     label_smoothing       : 0.1
2026-04-22 08:45:02 | INFO     |     dropout               : 0.1
2026-04-22 08:45:02 | INFO     |     freeze_layers         : 6
2026-04-22 08:45:02 | INFO     |     use_fp16              : True
2026-04-22 08:45:02 | INFO     |     grad_clip             : 1.0
2026-04-22 08:45:02 | INFO     |     seed                  : 42
2026-04-22 08:45:02 | INFO     |     output_dir            : /content/vit_medical_checkpoints
2026-04-22 08:45:02 | INFO     |     drive_dir             : /content/drive/MyDrive/ViT_Medical_FineTuning
2026-04-22 08:45:02 | INFO     | ==============================================================
2026-04-22 08:49:43 | INFO     | ──────────────────────────────────────────────────────────────
2026-04-22 08:49:43 | INFO     | Dataset         : bloodmnist  |  Task: multi-class
2026-04-22 08:49:43 | INFO     | Num classes     : 8  →  ['basophil', 'eosinophil', 'erythroblast', 'immature granulocytes(myelocytes, metamyelocytes and promyelocytes)', 'lymphocyte', 'monocyte', 'neutrophil', 'platelet']
2026-04-22 08:49:43 | INFO     | Train samples   : 11959
2026-04-22 08:49:43 | INFO     | Val samples     : 1712
2026-04-22 08:49:43 | INFO     | Test samples    : 3421
2026-04-22 08:49:43 | INFO     | Batches/epoch   : 374
2026-04-22 08:49:43 | INFO     | Class counts    : [852, 2181, 1085, 2026, 849, 993, 2330, 1643]
2026-04-22 08:50:13 | INFO     | ──────────────────────────────────────────────────────────────
2026-04-22 08:50:14 | INFO     | Model           : google/vit-base-patch16-224
2026-04-22 08:50:14 | INFO     | Hidden size     : 768
2026-04-22 08:50:14 | INFO     | Encoder layers  : 12
2026-04-22 08:50:14 | INFO     | Attn heads      : 12
2026-04-22 08:50:14 | INFO     | Patch size      : 16
2026-04-22 08:50:14 | INFO     | Frozen layers   : 6
2026-04-22 08:50:14 | INFO     | Total params    : 85,804,808
2026-04-22 08:50:14 | INFO     | Trainable params: 42,534,920  (49.6%)
2026-04-22 08:50:39 | INFO     | ──────────────────────────────────────────────────────────────
2026-04-22 08:50:39 | INFO     | Training started
2026-04-22 08:50:39 | INFO     | Total epochs    : 15
2026-04-22 08:50:39 | INFO     | Total steps     : 5610  |  Warmup: 561
2026-04-22 08:50:39 | INFO     | ──────────────────────────────────────────────────────────────
2026-04-22 08:50:39 | INFO     | Epoch | TrainLoss | TrainAcc |  ValLoss |  ValAcc |         LR | Note
2026-04-22 08:50:39 | INFO     | ──────────────────────────────────────────────────────────────
2026-04-22 08:52:48 | INFO     |     1 |    1.1424 |   68.27% |   0.8784 |  82.18%  | 1.33e-04 | BEST
2026-04-22 08:54:40 | INFO     |     2 |    0.7323 |   87.84% |   0.9603 |  78.39%  | 1.99e-04 | 
2026-04-22 08:56:32 | INFO     |     3 |    0.6674 |   90.94% |   0.7758 |  86.10%  | 1.94e-04 | BEST
2026-04-22 08:58:28 | INFO     |     4 |    0.6405 |   92.32% |   0.8409 |  84.05%  | 1.84e-04 | 
2026-04-22 09:00:19 | INFO     |     5 |    0.5997 |   94.08% |   0.7511 |  88.20%  | 1.69e-04 | BEST
2026-04-22 09:02:28 | INFO     |     6 |    0.5900 |   94.45% |   0.7357 |  88.55%  | 1.50e-04 | BEST
2026-04-22 09:04:29 | INFO     |     7 |    0.5820 |   94.80% |   0.7469 |  88.67%  | 1.29e-04 | BEST
2026-04-22 09:06:59 | INFO     |     8 |    0.5631 |   95.70% |   0.7103 |  90.36%  | 1.06e-04 | BEST
2026-04-22 09:08:55 | INFO     |     9 |    0.5547 |   96.13% |   0.6983 |  90.36%  | 8.26e-05 | 
2026-04-22 09:10:37 | INFO     |    10 |    0.5452 |   96.47% |   0.7135 |  89.78%  | 6.04e-05 | 
2026-04-22 09:12:28 | INFO     |    11 |    0.5304 |   97.28% |   0.6859 |  91.06%  | 4.03e-05 | BEST
2026-04-22 09:14:39 | INFO     |    12 |    0.5283 |   97.37% |   0.6648 |  92.00%  | 2.34e-05 | BEST
2026-04-22 09:16:33 | INFO     |    13 |    0.5248 |   97.46% |   0.6715 |  91.94%  | 1.06e-05 | 
2026-04-22 09:18:25 | INFO     |    14 |    0.5191 |   97.75% |   0.6683 |  92.11%  | 2.70e-06 | BEST
2026-04-22 09:21:10 | INFO     |    15 |    0.5128 |   98.02% |   0.6687 |  92.23%  | 0.00e+00 | BEST
2026-04-22 09:21:10 | INFO     | ──────────────────────────────────────────────────────────────
2026-04-22 09:21:10 | INFO     | Training complete. Best Val Acc: 92.23%
2026-04-22 09:21:10 | INFO     | Best checkpoint : /content/vit_medical_checkpoints/best_vit_medical.pt
